Using pre-set license
Built from '2020.3/staging' branch; Version is '2020.3.4f1 (0abb6314276a) revision 703331'; Using compiler version '192528614'; Build Type 'Release'
OS: 'Windows 10 Education; OS build 17763.1879; Version 1809; 64bit' Language: 'pl' Physical Memory: 16296 MB
BatchMode: 1, IsHumanControllingUs: 0, StartBugReporterOnCrash: 0, Is64bit: 1, IsPro: 0

 COMMAND LINE ARGUMENTS:
C:\Program Files\Unity\Hub\Editor\2020.3.4f1\Editor\Unity.exe
-adb2
-batchMode
-noUpm
-name
AssetImportWorker0
-projectPath
C:/Users/nonam/Desktop/EEIA jam/Geeia-jam
-logFile
Logs/AssetImportWorker0.log
-srvPort
55343
Successfully changed project path to: C:/Users/nonam/Desktop/EEIA jam/Geeia-jam
C:/Users/nonam/Desktop/EEIA jam/Geeia-jam
Using Asset Import Pipeline V2.
Refreshing native plugins compatible for Editor in 49.65 ms, found 1 plugins.
Preloading 0 native plugins for Editor in 0.00 ms.
Initialize engine version: 2020.3.4f1 (0abb6314276a)
[Subsystems] Discovering subsystems at path C:/Program Files/Unity/Hub/Editor/2020.3.4f1/Editor/Data/Resources/UnitySubsystems
[Subsystems] Discovering subsystems at path C:/Users/nonam/Desktop/EEIA jam/Geeia-jam/Assets
GfxDevice: creating device client; threaded=0
Direct3D:
    Version:  Direct3D 11.0 [level 11.1]
    Renderer: AMD Radeon R7 M265 Series (ID=0x6604)
    Vendor:   
    VRAM:     2029 MB
    Driver:   22.19.162.4
Initialize mono
Mono path[0] = 'C:/Program Files/Unity/Hub/Editor/2020.3.4f1/Editor/Data/Managed'
Mono path[1] = 'C:/Program Files/Unity/Hub/Editor/2020.3.4f1/Editor/Data/MonoBleedingEdge/lib/mono/unityjit'
Mono config path = 'C:/Program Files/Unity/Hub/Editor/2020.3.4f1/Editor/Data/MonoBleedingEdge/etc'
Using monoOptions --debugger-agent=transport=dt_socket,embedding=1,server=y,suspend=n,address=127.0.0.1:56660
Begin MonoManager ReloadAssembly
Registering precompiled unity dll's ...
Register platform support module: C:/Program Files/Unity/Hub/Editor/2020.3.4f1/Editor/Data/PlaybackEngines/WindowsStandaloneSupport/UnityEditor.WindowsStandalone.Extensions.dll
Registered in 0.002072 seconds.
Native extension for WindowsStandalone target not found
Refreshing native plugins compatible for Editor in 48.42 ms, found 1 plugins.
Preloading 0 native plugins for Editor in 0.00 ms.
Unable to find bridge dll in registry for Microsoft Visual Studio Tools for Unity for C:/Program Files (x86)/Microsoft Visual Studio/2019/Community/Common7/IDE/devenv.exe
Mono: successfully reloaded assembly
- Completed reload, in  1.521 seconds
Platform modules already initialized, skipping
Registering precompiled user dll's ...
Registered in 0.001365 seconds.
Begin MonoManager ReloadAssembly
Native extension for WindowsStandalone target not found
Refreshing native plugins compatible for Editor in 49.43 ms, found 1 plugins.
Preloading 0 native plugins for Editor in 0.00 ms.
Mono: successfully reloaded assembly
- Completed reload, in  1.502 seconds
Platform modules already initialized, skipping
========================================================================
Worker process is ready to serve import requests
Launched and connected shader compiler UnityShaderCompiler.exe after 0.06 seconds
Refreshing native plugins compatible for Editor in 0.40 ms, found 1 plugins.
Preloading 0 native plugins for Editor in 0.00 ms.
Unloading 1809 Unused Serialized files (Serialized files now loaded: 0)
System memory in use before: 84.7 MB.
System memory in use after: 84.8 MB.

Unloading 19 unused Assets to reduce memory usage. Loaded Objects now: 2256.
Total: 3.555800 ms (FindLiveObjects: 0.643600 ms CreateObjectMapping: 0.253800 ms MarkObjects: 2.555200 ms  DeleteObjects: 0.100500 ms)

========================================================================
Received Import Request.
  path: Assets/Scenes/SampleScene.unity
  artifactKey: Guid(2cda990e2423bbf4892e6590ba056729) Importer(815301076,1909f56bfc062723c751e8b465ee728b)
Start importing Assets/Scenes/SampleScene.unity using Guid(2cda990e2423bbf4892e6590ba056729) Importer(815301076,1909f56bfc062723c751e8b465ee728b)  -> (artifact id: '562e5747368effdbe2e367ed8891ce86') in 0.018522 seconds
  Import took 0.023085 seconds .

========================================================================
Received Import Request.
  Time since last request: 0.020595 seconds.
  path: Assets/Scenes/SampleScene.unity
  artifactKey: Guid(2cda990e2423bbf4892e6590ba056729) Importer(815301076,1909f56bfc062723c751e8b465ee728b)
Start importing Assets/Scenes/SampleScene.unity using Guid(2cda990e2423bbf4892e6590ba056729) Importer(815301076,1909f56bfc062723c751e8b465ee728b)  -> (artifact id: '562e5747368effdbe2e367ed8891ce86') in 0.003637 seconds
  Import took 0.008751 seconds .

========================================================================
Received Prepare
Registering precompiled user dll's ...
Registered in 0.001886 seconds.
Begin MonoManager ReloadAssembly
Native extension for WindowsStandalone target not found
Refreshing native plugins compatible for Editor in 0.43 ms, found 1 plugins.
Preloading 0 native plugins for Editor in 0.00 ms.
Mono: successfully reloaded assembly
- Completed reload, in  1.271 seconds
Platform modules already initialized, skipping
Refreshing native plugins compatible for Editor in 0.63 ms, found 1 plugins.
Preloading 0 native plugins for Editor in 0.00 ms.
Unloading 1799 Unused Serialized files (Serialized files now loaded: 0)
System memory in use before: 84.2 MB.
System memory in use after: 84.3 MB.

Unloading 7 unused Assets to reduce memory usage. Loaded Objects now: 2260.
Total: 2.461200 ms (FindLiveObjects: 0.200000 ms CreateObjectMapping: 0.085900 ms MarkObjects: 2.151400 ms  DeleteObjects: 0.022700 ms)

========================================================================
Received Prepare
Registering precompiled user dll's ...
Registered in 0.004364 seconds.
Begin MonoManager ReloadAssembly
Native extension for WindowsStandalone target not found
Refreshing native plugins compatible for Editor in 1.73 ms, found 1 plugins.
Preloading 0 native plugins for Editor in 0.00 ms.
Mono: successfully reloaded assembly
- Completed reload, in  2.441 seconds
Platform modules already initialized, skipping
Refreshing native plugins compatible for Editor in 0.94 ms, found 1 plugins.
Preloading 0 native plugins for Editor in 0.00 ms.
Unloading 1799 Unused Serialized files (Serialized files now loaded: 0)
System memory in use before: 84.2 MB.
System memory in use after: 84.4 MB.

Unloading 7 unused Assets to reduce memory usage. Loaded Objects now: 2264.
Total: 5.473900 ms (FindLiveObjects: 0.441600 ms CreateObjectMapping: 0.305800 ms MarkObjects: 4.685800 ms  DeleteObjects: 0.038100 ms)

========================================================================
Received Prepare
Registering precompiled user dll's ...
Registered in 0.002331 seconds.
Begin MonoManager ReloadAssembly
Native extension for WindowsStandalone target not found
Refreshing native plugins compatible for Editor in 0.50 ms, found 1 plugins.
Preloading 0 native plugins for Editor in 0.00 ms.
Mono: successfully reloaded assembly
- Completed reload, in  1.274 seconds
Platform modules already initialized, skipping
Refreshing native plugins compatible for Editor in 0.43 ms, found 1 plugins.
Preloading 0 native plugins for Editor in 0.00 ms.
Unloading 1799 Unused Serialized files (Serialized files now loaded: 0)
System memory in use before: 84.3 MB.
System memory in use after: 84.4 MB.

Unloading 7 unused Assets to reduce memory usage. Loaded Objects now: 2268.
Total: 3.920400 ms (FindLiveObjects: 0.392900 ms CreateObjectMapping: 0.321100 ms MarkObjects: 3.156800 ms  DeleteObjects: 0.046200 ms)

========================================================================
Received Prepare
Registering precompiled user dll's ...
Registered in 0.001335 seconds.
Begin MonoManager ReloadAssembly
Native extension for WindowsStandalone target not found
Refreshing native plugins compatible for Editor in 0.85 ms, found 1 plugins.
Preloading 0 native plugins for Editor in 0.00 ms.
Mono: successfully reloaded assembly
- Completed reload, in  1.462 seconds
Platform modules already initialized, skipping
Refreshing native plugins compatible for Editor in 0.42 ms, found 1 plugins.
Preloading 0 native plugins for Editor in 0.00 ms.
Unloading 1799 Unused Serialized files (Serialized files now loaded: 0)
System memory in use before: 84.3 MB.
System memory in use after: 84.4 MB.

Unloading 7 unused Assets to reduce memory usage. Loaded Objects now: 2272.
Total: 4.337400 ms (FindLiveObjects: 0.551000 ms CreateObjectMapping: 0.365100 ms MarkObjects: 3.375900 ms  DeleteObjects: 0.041500 ms)

========================================================================
Received Import Request.
  Time since last request: 350.102891 seconds.
  path: Assets/Scripts/Player/Player.cs
  artifactKey: Guid(80ef880a0c3e8cd4d8ec6071fdfe708b) Importer(815301076,1909f56bfc062723c751e8b465ee728b)
Start importing Assets/Scripts/Player/Player.cs using Guid(80ef880a0c3e8cd4d8ec6071fdfe708b) Importer(815301076,1909f56bfc062723c751e8b465ee728b)  -> (artifact id: '36c2b6d8d0edfab43b45f9dc062e7012') in 0.062192 seconds
  Import took 0.065827 seconds .

========================================================================
Received Prepare
Registering precompiled user dll's ...
Registered in 0.001426 seconds.
Begin MonoManager ReloadAssembly
Native extension for WindowsStandalone target not found
Refreshing native plugins compatible for Editor in 0.85 ms, found 1 plugins.
Preloading 0 native plugins for Editor in 0.00 ms.
Mono: successfully reloaded assembly
- Completed reload, in  1.542 seconds
Platform modules already initialized, skipping
Refreshing native plugins compatible for Editor in 0.45 ms, found 1 plugins.
Preloading 0 native plugins for Editor in 0.00 ms.
Unloading 1799 Unused Serialized files (Serialized files now loaded: 0)
System memory in use before: 84.3 MB.
System memory in use after: 84.4 MB.

Unloading 7 unused Assets to reduce memory usage. Loaded Objects now: 2276.
Total: 2.487200 ms (FindLiveObjects: 0.195000 ms CreateObjectMapping: 0.082300 ms MarkObjects: 2.187000 ms  DeleteObjects: 0.021500 ms)

========================================================================
Received Prepare
Registering precompiled user dll's ...
Registered in 0.001991 seconds.
Begin MonoManager ReloadAssembly
Native extension for WindowsStandalone target not found
Refreshing native plugins compatible for Editor in 0.64 ms, found 1 plugins.
Preloading 0 native plugins for Editor in 0.00 ms.
Mono: successfully reloaded assembly
- Completed reload, in  1.380 seconds
Platform modules already initialized, skipping
Refreshing native plugins compatible for Editor in 0.40 ms, found 1 plugins.
Preloading 0 native plugins for Editor in 0.00 ms.
Unloading 1799 Unused Serialized files (Serialized files now loaded: 0)
System memory in use before: 84.3 MB.
System memory in use after: 84.4 MB.

Unloading 7 unused Assets to reduce memory usage. Loaded Objects now: 2280.
Total: 4.643900 ms (FindLiveObjects: 0.261600 ms CreateObjectMapping: 0.170400 ms MarkObjects: 4.146600 ms  DeleteObjects: 0.061000 ms)

========================================================================
Received Prepare
Registering precompiled user dll's ...
Registered in 0.003425 seconds.
Begin MonoManager ReloadAssembly
Native extension for WindowsStandalone target not found
Refreshing native plugins compatible for Editor in 0.67 ms, found 1 plugins.
Preloading 0 native plugins for Editor in 0.00 ms.
Mono: successfully reloaded assembly
- Completed reload, in  1.622 seconds
Platform modules already initialized, skipping
Refreshing native plugins compatible for Editor in 0.55 ms, found 1 plugins.
Preloading 0 native plugins for Editor in 0.00 ms.
Unloading 1800 Unused Serialized files (Serialized files now loaded: 0)
System memory in use before: 84.3 MB.
System memory in use after: 84.5 MB.

Unloading 7 unused Assets to reduce memory usage. Loaded Objects now: 2285.
Total: 2.805000 ms (FindLiveObjects: 0.497100 ms CreateObjectMapping: 0.100900 ms MarkObjects: 2.183000 ms  DeleteObjects: 0.020000 ms)

========================================================================
Received Prepare
Registering precompiled user dll's ...
Registered in 0.001758 seconds.
Begin MonoManager ReloadAssembly
Native extension for WindowsStandalone target not found
Refreshing native plugins compatible for Editor in 0.62 ms, found 1 plugins.
Preloading 0 native plugins for Editor in 0.00 ms.
Mono: successfully reloaded assembly
- Completed reload, in  2.300 seconds
Platform modules already initialized, skipping
Refreshing native plugins compatible for Editor in 1.47 ms, found 1 plugins.
Preloading 0 native plugins for Editor in 0.00 ms.
Unloading 1800 Unused Serialized files (Serialized files now loaded: 0)
System memory in use before: 84.4 MB.
System memory in use after: 84.5 MB.

Unloading 7 unused Assets to reduce memory usage. Loaded Objects now: 2289.
Total: 3.236400 ms (FindLiveObjects: 0.369200 ms CreateObjectMapping: 0.112900 ms MarkObjects: 2.728800 ms  DeleteObjects: 0.023800 ms)

========================================================================
Received Prepare
Registering precompiled user dll's ...
Registered in 0.001348 seconds.
Begin MonoManager ReloadAssembly
Native extension for WindowsStandalone target not found
Refreshing native plugins compatible for Editor in 1.56 ms, found 1 plugins.
Preloading 0 native plugins for Editor in 0.00 ms.
Mono: successfully reloaded assembly
- Completed reload, in  1.161 seconds
Platform modules already initialized, skipping
Refreshing native plugins compatible for Editor in 0.45 ms, found 1 plugins.
Preloading 0 native plugins for Editor in 0.00 ms.
Unloading 1800 Unused Serialized files (Serialized files now loaded: 0)
System memory in use before: 84.4 MB.
System memory in use after: 84.5 MB.

Unloading 7 unused Assets to reduce memory usage. Loaded Objects now: 2293.
Total: 2.252500 ms (FindLiveObjects: 0.198000 ms CreateObjectMapping: 0.084200 ms MarkObjects: 1.950100 ms  DeleteObjects: 0.019000 ms)

========================================================================
Received Prepare
Registering precompiled user dll's ...
Registered in 0.001223 seconds.
Begin MonoManager ReloadAssembly
Native extension for WindowsStandalone target not found
Refreshing native plugins compatible for Editor in 0.40 ms, found 1 plugins.
Preloading 0 native plugins for Editor in 0.00 ms.
Mono: successfully reloaded assembly
- Completed reload, in  1.038 seconds
Platform modules already initialized, skipping
Refreshing native plugins compatible for Editor in 0.49 ms, found 1 plugins.
Preloading 0 native plugins for Editor in 0.00 ms.
Unloading 1800 Unused Serialized files (Serialized files now loaded: 0)
System memory in use before: 84.4 MB.
System memory in use after: 84.5 MB.

Unloading 7 unused Assets to reduce memory usage. Loaded Objects now: 2297.
Total: 2.420700 ms (FindLiveObjects: 0.252700 ms CreateObjectMapping: 0.131400 ms MarkObjects: 2.015800 ms  DeleteObjects: 0.019400 ms)

========================================================================
Received Import Request.
  Time since last request: 2261.167546 seconds.
  path: Assets/Scripts/Player/Player.cs
  artifactKey: Guid(80ef880a0c3e8cd4d8ec6071fdfe708b) Importer(815301076,1909f56bfc062723c751e8b465ee728b)
Start importing Assets/Scripts/Player/Player.cs using Guid(80ef880a0c3e8cd4d8ec6071fdfe708b) Importer(815301076,1909f56bfc062723c751e8b465ee728b)  -> (artifact id: 'b57ff220da286f0bdc5f386636cf02eb') in 0.005389 seconds
  Import took 0.009003 seconds .

========================================================================
Received Import Request.
  Time since last request: 0.036326 seconds.
  path: Assets/Scripts/Player/Player.cs
  artifactKey: Guid(80ef880a0c3e8cd4d8ec6071fdfe708b) Importer(815301076,1909f56bfc062723c751e8b465ee728b)
Start importing Assets/Scripts/Player/Player.cs using Guid(80ef880a0c3e8cd4d8ec6071fdfe708b) Importer(815301076,1909f56bfc062723c751e8b465ee728b)  -> (artifact id: 'b57ff220da286f0bdc5f386636cf02eb') in 0.002231 seconds
  Import took 0.005910 seconds .

========================================================================
Received Prepare
Registering precompiled user dll's ...
Registered in 0.001298 seconds.
Begin MonoManager ReloadAssembly
Native extension for WindowsStandalone target not found
Refreshing native plugins compatible for Editor in 0.43 ms, found 1 plugins.
Preloading 0 native plugins for Editor in 0.00 ms.
Mono: successfully reloaded assembly
- Completed reload, in  1.180 seconds
Platform modules already initialized, skipping
Refreshing native plugins compatible for Editor in 0.42 ms, found 1 plugins.
Preloading 0 native plugins for Editor in 0.00 ms.
Unloading 1800 Unused Serialized files (Serialized files now loaded: 0)
System memory in use before: 84.4 MB.
System memory in use after: 84.5 MB.

Unloading 7 unused Assets to reduce memory usage. Loaded Objects now: 2301.
Total: 2.194500 ms (FindLiveObjects: 0.193500 ms CreateObjectMapping: 0.083800 ms MarkObjects: 1.897100 ms  DeleteObjects: 0.019100 ms)

========================================================================
Received Prepare
Registering precompiled user dll's ...
Registered in 0.001309 seconds.
Begin MonoManager ReloadAssembly
Native extension for WindowsStandalone target not found
Refreshing native plugins compatible for Editor in 0.44 ms, found 1 plugins.
Preloading 0 native plugins for Editor in 0.00 ms.
Mono: successfully reloaded assembly
- Completed reload, in  1.060 seconds
Platform modules already initialized, skipping
Refreshing native plugins compatible for Editor in 0.38 ms, found 1 plugins.
Preloading 0 native plugins for Editor in 0.00 ms.
Unloading 1800 Unused Serialized files (Serialized files now loaded: 0)
System memory in use before: 84.4 MB.
System memory in use after: 84.5 MB.

Unloading 7 unused Assets to reduce memory usage. Loaded Objects now: 2305.
Total: 2.331800 ms (FindLiveObjects: 0.245200 ms CreateObjectMapping: 0.085000 ms MarkObjects: 1.982300 ms  DeleteObjects: 0.018000 ms)

========================================================================
Received Prepare
Registering precompiled user dll's ...
Registered in 0.001325 seconds.
Begin MonoManager ReloadAssembly
Native extension for WindowsStandalone target not found
Refreshing native plugins compatible for Editor in 0.42 ms, found 1 plugins.
Preloading 0 native plugins for Editor in 0.00 ms.
Mono: successfully reloaded assembly
- Completed reload, in  1.127 seconds
Platform modules already initialized, skipping
Refreshing native plugins compatible for Editor in 0.40 ms, found 1 plugins.
Preloading 0 native plugins for Editor in 0.00 ms.
Unloading 1800 Unused Serialized files (Serialized files now loaded: 0)
System memory in use before: 84.4 MB.
System memory in use after: 84.5 MB.

Unloading 7 unused Assets to reduce memory usage. Loaded Objects now: 2309.
Total: 2.351500 ms (FindLiveObjects: 0.217300 ms CreateObjectMapping: 0.111600 ms MarkObjects: 2.002100 ms  DeleteObjects: 0.019300 ms)

========================================================================
Received Prepare
Registering precompiled user dll's ...
Registered in 0.001240 seconds.
Begin MonoManager ReloadAssembly
Native extension for WindowsStandalone target not found
Refreshing native plugins compatible for Editor in 0.50 ms, found 1 plugins.
Preloading 0 native plugins for Editor in 0.00 ms.
Mono: successfully reloaded assembly
- Completed reload, in  1.457 seconds
Platform modules already initialized, skipping
Refreshing native plugins compatible for Editor in 0.56 ms, found 1 plugins.
Preloading 0 native plugins for Editor in 0.00 ms.
Unloading 1800 Unused Serialized files (Serialized files now loaded: 0)
System memory in use before: 84.4 MB.
System memory in use after: 84.5 MB.

Unloading 7 unused Assets to reduce memory usage. Loaded Objects now: 2313.
Total: 3.608700 ms (FindLiveObjects: 0.273900 ms CreateObjectMapping: 0.085500 ms MarkObjects: 3.178200 ms  DeleteObjects: 0.070000 ms)

========================================================================
Received Import Request.
  Time since last request: 261.630218 seconds.
  path: Assets/Scenes/lvl2.unity
  artifactKey: Guid(621d301977f590b4ba0b1f7cca9145fc) Importer(815301076,1909f56bfc062723c751e8b465ee728b)
Start importing Assets/Scenes/lvl2.unity using Guid(621d301977f590b4ba0b1f7cca9145fc) Importer(815301076,1909f56bfc062723c751e8b465ee728b)  -> (artifact id: 'be762c6f6699c080ba9c7ef463d7cf56') in 0.013622 seconds
  Import took 0.017313 seconds .

========================================================================
Received Import Request.
  Time since last request: 0.005518 seconds.
  path: Assets/Scenes/lvl2.unity
  artifactKey: Guid(621d301977f590b4ba0b1f7cca9145fc) Importer(815301076,1909f56bfc062723c751e8b465ee728b)
Start importing Assets/Scenes/lvl2.unity using Guid(621d301977f590b4ba0b1f7cca9145fc) Importer(815301076,1909f56bfc062723c751e8b465ee728b)  -> (artifact id: 'be762c6f6699c080ba9c7ef463d7cf56') in 0.002452 seconds
  Import took 0.006034 seconds .

========================================================================
Received Import Request.
  Time since last request: 6.330243 seconds.
  path: Assets/Scenes/Enter.unity
  artifactKey: Guid(2cda990e2423bbf4892e6590ba056729) Importer(815301076,1909f56bfc062723c751e8b465ee728b)
Start importing Assets/Scenes/Enter.unity using Guid(2cda990e2423bbf4892e6590ba056729) Importer(815301076,1909f56bfc062723c751e8b465ee728b)  -> (artifact id: 'a89323f9ba945c64392b9d9d189b2324') in 0.002933 seconds
  Import took 0.006955 seconds .

========================================================================
Received Import Request.
  Time since last request: 15.092144 seconds.
  path: Assets/Scenes/Enter.unity
  artifactKey: Guid(2cda990e2423bbf4892e6590ba056729) Importer(815301076,1909f56bfc062723c751e8b465ee728b)
Start importing Assets/Scenes/Enter.unity using Guid(2cda990e2423bbf4892e6590ba056729) Importer(815301076,1909f56bfc062723c751e8b465ee728b)  -> (artifact id: '5bbedc9f9300116100605dc21c16b4bd') in 0.002641 seconds
  Import took 0.006374 seconds .

========================================================================
Received Prepare
Registering precompiled user dll's ...
Registered in 0.001172 seconds.
Begin MonoManager ReloadAssembly
Native extension for WindowsStandalone target not found
Refreshing native plugins compatible for Editor in 0.46 ms, found 1 plugins.
Preloading 0 native plugins for Editor in 0.00 ms.
Mono: successfully reloaded assembly
- Completed reload, in  1.194 seconds
Platform modules already initialized, skipping
Refreshing native plugins compatible for Editor in 0.42 ms, found 1 plugins.
Preloading 0 native plugins for Editor in 0.00 ms.
Unloading 1800 Unused Serialized files (Serialized files now loaded: 0)
System memory in use before: 84.4 MB.
System memory in use after: 84.5 MB.

Unloading 7 unused Assets to reduce memory usage. Loaded Objects now: 2317.
Total: 3.058500 ms (FindLiveObjects: 0.201100 ms CreateObjectMapping: 0.084100 ms MarkObjects: 2.749700 ms  DeleteObjects: 0.022000 ms)

========================================================================
Received Prepare
Registering precompiled user dll's ...
Registered in 0.001426 seconds.
Begin MonoManager ReloadAssembly
Native extension for WindowsStandalone target not found
Refreshing native plugins compatible for Editor in 0.43 ms, found 1 plugins.
Preloading 0 native plugins for Editor in 0.00 ms.
Mono: successfully reloaded assembly
- Completed reload, in  1.562 seconds
Platform modules already initialized, skipping
Refreshing native plugins compatible for Editor in 0.45 ms, found 1 plugins.
Preloading 0 native plugins for Editor in 0.00 ms.
Unloading 1800 Unused Serialized files (Serialized files now loaded: 0)
System memory in use before: 84.4 MB.
System memory in use after: 84.6 MB.

Unloading 7 unused Assets to reduce memory usage. Loaded Objects now: 2321.
Total: 2.469000 ms (FindLiveObjects: 0.239300 ms CreateObjectMapping: 0.089100 ms MarkObjects: 2.120300 ms  DeleteObjects: 0.018700 ms)

========================================================================
Received Import Request.
  Time since last request: 1128.127262 seconds.
  path: Assets/Graphic
  artifactKey: Guid(18605f87b052d744fa801d4ace02e54d) Importer(815301076,1909f56bfc062723c751e8b465ee728b)
Start importing Assets/Graphic using Guid(18605f87b052d744fa801d4ace02e54d) Importer(815301076,1909f56bfc062723c751e8b465ee728b)  -> (artifact id: '43593df492c5cd0dd5c876107384acb4') in 0.008788 seconds
  Import took 0.013078 seconds .

========================================================================
Received Import Request.
  Time since last request: 601.687231 seconds.
  path: Assets
  artifactKey: Guid(00000000000000001000000000000000) Importer(815301076,1909f56bfc062723c751e8b465ee728b)
Start importing Assets using Guid(00000000000000001000000000000000) Importer(815301076,1909f56bfc062723c751e8b465ee728b)  -> (artifact id: '025e4f587c23674256bb898581e82961') in 0.003098 seconds
  Import took 0.007559 seconds .

========================================================================
Received Import Request.
  Time since last request: 0.001049 seconds.
  path: Assets
  artifactKey: Guid(00000000000000001000000000000000) Importer(815301076,1909f56bfc062723c751e8b465ee728b)
Start importing Assets using Guid(00000000000000001000000000000000) Importer(815301076,1909f56bfc062723c751e8b465ee728b)  -> (artifact id: '025e4f587c23674256bb898581e82961') in 0.002085 seconds
  Import took 0.005882 seconds .

========================================================================
Received Prepare
Registering precompiled user dll's ...
Registered in 0.003226 seconds.
Begin MonoManager ReloadAssembly
Native extension for WindowsStandalone target not found
Refreshing native plugins compatible for Editor in 0.61 ms, found 1 plugins.
Preloading 0 native plugins for Editor in 0.00 ms.
[ScriptCompilation] NOT recompiling all scripts because this is an import worker process. Reason to compile was: Define symbols changed
Mono: successfully reloaded assembly
- Completed reload, in  1.146 seconds
Platform modules already initialized, skipping
Refreshing native plugins compatible for Editor in 0.45 ms, found 1 plugins.
Preloading 0 native plugins for Editor in 0.00 ms.
Unloading 1920 Unused Serialized files (Serialized files now loaded: 0)
System memory in use before: 92.3 MB.
System memory in use after: 90.4 MB.

Unloading 34 unused Assets to reduce memory usage. Loaded Objects now: 2418.
Total: 3.098400 ms (FindLiveObjects: 0.219600 ms CreateObjectMapping: 0.093200 ms MarkObjects: 1.914000 ms  DeleteObjects: 0.870500 ms)

========================================================================
Received Prepare
Registering precompiled user dll's ...
Registered in 0.002286 seconds.
Begin MonoManager ReloadAssembly
Native extension for WindowsStandalone target not found
Refreshing native plugins compatible for Editor in 74.03 ms, found 1 plugins.
Preloading 0 native plugins for Editor in 0.00 ms.
[ScriptCompilation] NOT recompiling all scripts because this is an import worker process. Reason to compile was: Define symbols changed
Mono: successfully reloaded assembly
- Completed reload, in  1.529 seconds
Platform modules already initialized, skipping
Refreshing native plugins compatible for Editor in 0.61 ms, found 1 plugins.
Preloading 0 native plugins for Editor in 0.00 ms.
Unloading 2718 Unused Serialized files (Serialized files now loaded: 0)
System memory in use before: 114.8 MB.
System memory in use after: 112.8 MB.

Unloading 41 unused Assets to reduce memory usage. Loaded Objects now: 3213.
Total: 3.562700 ms (FindLiveObjects: 0.294600 ms CreateObjectMapping: 0.146600 ms MarkObjects: 2.254900 ms  DeleteObjects: 0.865000 ms)

========================================================================
Received Import Request.
  Time since last request: 274.192954 seconds.
  path: Assets/vinietka.asset
  artifactKey: Guid(52c7890902e4add4d873ecd694792b18) Importer(815301076,1909f56bfc062723c751e8b465ee728b)
Start importing Assets/vinietka.asset using Guid(52c7890902e4add4d873ecd694792b18) Importer(815301076,1909f56bfc062723c751e8b465ee728b)  -> (artifact id: '3f0baab41397506f3794ecc7612ff5b4') in 0.024457 seconds
  Import took 0.029861 seconds .

========================================================================
Received Import Request.
  Time since last request: 193.133826 seconds.
  path: Assets/vinietka.asset
  artifactKey: Guid(52c7890902e4add4d873ecd694792b18) Importer(815301076,1909f56bfc062723c751e8b465ee728b)
Start importing Assets/vinietka.asset using Guid(52c7890902e4add4d873ecd694792b18) Importer(815301076,1909f56bfc062723c751e8b465ee728b)  -> (artifact id: '137afedeaff5d527f767b7196fb7111c') in 0.014350 seconds
  Import took 0.020529 seconds .

========================================================================
Received Import Request.
  Time since last request: 18.894447 seconds.
  path: Assets/vinietka.asset
  artifactKey: Guid(52c7890902e4add4d873ecd694792b18) Importer(815301076,1909f56bfc062723c751e8b465ee728b)
Start importing Assets/vinietka.asset using Guid(52c7890902e4add4d873ecd694792b18) Importer(815301076,1909f56bfc062723c751e8b465ee728b)  -> (artifact id: '4a39e91920eb608d83b3b50ac7d26340') in 0.003196 seconds
  Import took 0.008974 seconds .

========================================================================
Received Prepare
Registering precompiled user dll's ...
Registered in 0.002132 seconds.
Begin MonoManager ReloadAssembly
Native extension for WindowsStandalone target not found
Refreshing native plugins compatible for Editor in 0.62 ms, found 1 plugins.
Preloading 0 native plugins for Editor in 0.00 ms.
Mono: successfully reloaded assembly
- Completed reload, in  1.305 seconds
Platform modules already initialized, skipping
Refreshing native plugins compatible for Editor in 0.57 ms, found 1 plugins.
Preloading 0 native plugins for Editor in 0.00 ms.
Unloading 2718 Unused Serialized files (Serialized files now loaded: 0)
System memory in use before: 114.8 MB.
System memory in use after: 112.8 MB.

Unloading 41 unused Assets to reduce memory usage. Loaded Objects now: 3217.
Total: 3.723000 ms (FindLiveObjects: 0.382500 ms CreateObjectMapping: 0.135000 ms MarkObjects: 2.355100 ms  DeleteObjects: 0.849000 ms)

========================================================================
Received Import Request.
  Time since last request: 138.305598 seconds.
  path: Assets/vinietka.asset
  artifactKey: Guid(52c7890902e4add4d873ecd694792b18) Importer(815301076,1909f56bfc062723c751e8b465ee728b)
Start importing Assets/vinietka.asset using Guid(52c7890902e4add4d873ecd694792b18) Importer(815301076,1909f56bfc062723c751e8b465ee728b)  -> (artifact id: '15d8cb75b2ba938a884eff7896f6a3c8') in 0.027863 seconds
  Import took 0.034733 seconds .

========================================================================
Received Prepare
Registering precompiled user dll's ...
Registered in 0.002232 seconds.
Begin MonoManager ReloadAssembly
Native extension for WindowsStandalone target not found
Refreshing native plugins compatible for Editor in 0.59 ms, found 1 plugins.
Preloading 0 native plugins for Editor in 0.00 ms.
Mono: successfully reloaded assembly
- Completed reload, in  1.240 seconds
Platform modules already initialized, skipping
Refreshing native plugins compatible for Editor in 0.62 ms, found 1 plugins.
Preloading 0 native plugins for Editor in 0.00 ms.
Unloading 2718 Unused Serialized files (Serialized files now loaded: 0)
System memory in use before: 114.8 MB.
System memory in use after: 112.8 MB.

Unloading 41 unused Assets to reduce memory usage. Loaded Objects now: 3221.
Total: 3.995600 ms (FindLiveObjects: 0.288900 ms CreateObjectMapping: 0.144100 ms MarkObjects: 2.645500 ms  DeleteObjects: 0.915800 ms)

========================================================================
Received Prepare
Registering precompiled user dll's ...
Registered in 0.002282 seconds.
Begin MonoManager ReloadAssembly
Native extension for WindowsStandalone target not found
Refreshing native plugins compatible for Editor in 0.59 ms, found 1 plugins.
Preloading 0 native plugins for Editor in 0.00 ms.
Mono: successfully reloaded assembly
- Completed reload, in  1.244 seconds
Platform modules already initialized, skipping
Refreshing native plugins compatible for Editor in 0.62 ms, found 1 plugins.
Preloading 0 native plugins for Editor in 0.00 ms.
Unloading 2718 Unused Serialized files (Serialized files now loaded: 0)
System memory in use before: 114.9 MB.
System memory in use after: 112.8 MB.

Unloading 41 unused Assets to reduce memory usage. Loaded Objects now: 3225.
Total: 3.753400 ms (FindLiveObjects: 0.373300 ms CreateObjectMapping: 0.159100 ms MarkObjects: 2.331900 ms  DeleteObjects: 0.888200 ms)

========================================================================
Received Import Request.
  Time since last request: 894.784298 seconds.
  path: Assets/vinietka.asset
  artifactKey: Guid(52c7890902e4add4d873ecd694792b18) Importer(815301076,1909f56bfc062723c751e8b465ee728b)
Start importing Assets/vinietka.asset using Guid(52c7890902e4add4d873ecd694792b18) Importer(815301076,1909f56bfc062723c751e8b465ee728b)  -> (artifact id: '6707eb630366ca140b293e40b0714521') in 0.032820 seconds
  Import took 0.039899 seconds .

========================================================================
Received Import Request.
  Time since last request: 132.111813 seconds.
  path: Assets/Post-process Volume.prefab
  artifactKey: Guid(06943cd976d3741409f121ba6f020da5) Importer(815301076,1909f56bfc062723c751e8b465ee728b)
Start importing Assets/Post-process Volume.prefab using Guid(06943cd976d3741409f121ba6f020da5) Importer(815301076,1909f56bfc062723c751e8b465ee728b)  -> (artifact id: '0bacc60976d8df4cbf890828f97c70a7') in 0.021143 seconds
  Import took 0.026285 seconds .

========================================================================
Received Import Request.
  Time since last request: 0.000914 seconds.
  path: Assets/Post-process Volume.prefab
  artifactKey: Guid(06943cd976d3741409f121ba6f020da5) Importer(815301076,1909f56bfc062723c751e8b465ee728b)
Start importing Assets/Post-process Volume.prefab using Guid(06943cd976d3741409f121ba6f020da5) Importer(815301076,1909f56bfc062723c751e8b465ee728b)  -> (artifact id: '0bacc60976d8df4cbf890828f97c70a7') in 0.004973 seconds
  Import took 0.010129 seconds .

========================================================================
Received Prepare
Registering precompiled user dll's ...
Registered in 0.002399 seconds.
Begin MonoManager ReloadAssembly
Native extension for WindowsStandalone target not found
Refreshing native plugins compatible for Editor in 0.59 ms, found 1 plugins.
Preloading 0 native plugins for Editor in 0.00 ms.
Mono: successfully reloaded assembly
- Completed reload, in  1.233 seconds
Platform modules already initialized, skipping
Refreshing native plugins compatible for Editor in 0.55 ms, found 1 plugins.
Preloading 0 native plugins for Editor in 0.00 ms.
Unloading 2718 Unused Serialized files (Serialized files now loaded: 0)
System memory in use before: 114.9 MB.
System memory in use after: 112.9 MB.

Unloading 41 unused Assets to reduce memory usage. Loaded Objects now: 3229.
Total: 3.540900 ms (FindLiveObjects: 0.286600 ms CreateObjectMapping: 0.143800 ms MarkObjects: 2.225900 ms  DeleteObjects: 0.883300 ms)

========================================================================
Received Prepare
Registering precompiled user dll's ...
Registered in 0.003129 seconds.
Begin MonoManager ReloadAssembly
Native extension for WindowsStandalone target not found
Refreshing native plugins compatible for Editor in 0.61 ms, found 1 plugins.
Preloading 0 native plugins for Editor in 0.00 ms.
Mono: successfully reloaded assembly
- Completed reload, in  1.248 seconds
Platform modules already initialized, skipping
Refreshing native plugins compatible for Editor in 0.55 ms, found 1 plugins.
Preloading 0 native plugins for Editor in 0.00 ms.
Unloading 2718 Unused Serialized files (Serialized files now loaded: 0)
System memory in use before: 114.9 MB.
System memory in use after: 112.9 MB.

Unloading 41 unused Assets to reduce memory usage. Loaded Objects now: 3233.
Total: 3.812900 ms (FindLiveObjects: 0.487300 ms CreateObjectMapping: 0.180500 ms MarkObjects: 2.262500 ms  DeleteObjects: 0.881600 ms)

========================================================================
Received Import Request.
  Time since last request: 855.779408 seconds.
  path: Assets/vinietka.asset
  artifactKey: Guid(52c7890902e4add4d873ecd694792b18) Importer(815301076,1909f56bfc062723c751e8b465ee728b)
Start importing Assets/vinietka.asset using Guid(52c7890902e4add4d873ecd694792b18) Importer(815301076,1909f56bfc062723c751e8b465ee728b)  -> (artifact id: 'd86b68431ac12a93a9c98d857035cc9b') in 0.029166 seconds
  Import took 0.035343 seconds .

AssetImportWorkerClient::OnTransportError - code=2 error=End of file
